  Character.cpp
c:\users\pau_7\documents\github\vj1\2d\2dgame\02-bubble\02-bubble\character.cpp(36): warning C4305: 'inicializando': truncamiento de 'double' a 'float'
  CheckPoint.cpp
c:\users\pau_7\documents\github\vj1\2d\2dgame\02-bubble\02-bubble\checkpoint.cpp(19): warning C4305: 'inicializando': truncamiento de 'double' a 'float'
  Chunk.cpp
c:\users\pau_7\documents\github\vj1\2d\2dgame\02-bubble\02-bubble\chunk.cpp(21): warning C4244: '=': conversión de 'double' a 'float'; posible pérdida de datos
c:\users\pau_7\documents\github\vj1\2d\2dgame\02-bubble\02-bubble\chunk.cpp(22): warning C4244: '=': conversión de 'double' a 'float'; posible pérdida de datos
c:\users\pau_7\documents\github\vj1\2d\2dgame\02-bubble\02-bubble\chunk.cpp(41): warning C4244: 'inicializando': conversión de 'double' a 'float'; posible pérdida de datos
  ConveyorBelt.cpp
c:\users\pau_7\documents\github\vj1\2d\2dgame\02-bubble\02-bubble\conveyorbelt.cpp(6): warning C4018: '<': no coinciden signed/unsigned
  Enemy.cpp
  EnemyHor.cpp
  EnemyVer.cpp
  Game.cpp
  GravityLine.cpp
c:\users\pau_7\documents\github\vj1\2d\2dgame\02-bubble\02-bubble\gravityline.cpp(10): warning C4018: '<': no coinciden signed/unsigned
c:\users\pau_7\documents\github\vj1\2d\2dgame\02-bubble\02-bubble\gravityline.cpp(42): warning C4018: '<': no coinciden signed/unsigned
c:\users\pau_7\documents\github\vj1\2d\2dgame\02-bubble\02-bubble\gravityline.cpp(53): warning C4018: '<': no coinciden signed/unsigned
c:\users\pau_7\documents\github\vj1\2d\2dgame\02-bubble\02-bubble\gravityline.cpp(61): warning C4018: '<': no coinciden signed/unsigned
  main.cpp
  Menu.cpp
  MovingPlatform.cpp
  Object.cpp
  Platform.cpp
c:\users\pau_7\documents\github\vj1\2d\2dgame\02-bubble\02-bubble\platform.cpp(10): warning C4018: '<': no coinciden signed/unsigned
c:\users\pau_7\documents\github\vj1\2d\2dgame\02-bubble\02-bubble\platform.cpp(30): warning C4018: '<': no coinciden signed/unsigned
  MovingPlatformHor.cpp
c:\users\pau_7\documents\github\vj1\2d\2dgame\02-bubble\02-bubble\movingplatformhor.cpp(9): warning C4018: '<': no coinciden signed/unsigned
  MovingPlatformVer.cpp
c:\users\pau_7\documents\github\vj1\2d\2dgame\02-bubble\02-bubble\movingplatformver.cpp(9): warning C4018: '<': no coinciden signed/unsigned
  Player.cpp
  Scene.cpp
  Shader.cpp
  ShaderProgram.cpp
  Compilando...
  Sprite.cpp
  Text.cpp
  Texture.cpp
  TexturedQuad.cpp
  TileMap.cpp
SOIL.lib(SOIL.obj) : warning LNK4075: se omite '/EDITANDCONTINUE' debido a la especificación '/OPT:ICF'
LINK : warning LNK4098: la biblioteca predeterminada'MSVCRTD' entra en conflicto con otras bibliotecas; use la biblioteca /NODEFAULTLIB:biblioteca
  Generando código
c:\users\pau_7\documents\github\vj1\2d\2dgame\02-bubble\02-bubble\scene.cpp(192): warning C4715: 'Scene::loadLevel': no todas las rutas de acceso de control devuelven un valor
c:\users\pau_7\documents\github\vj1\2d\2dgame\02-bubble\02-bubble\chunk.cpp(47): warning C4715: 'Chunk::loadObject': no todas las rutas de acceso de control devuelven un valor
c:\users\pau_7\documents\github\vj1\2d\2dgame\02-bubble\02-bubble\character.cpp(69): warning C4715: 'Character::loadCharacter': no todas las rutas de acceso de control devuelven un valor
c:\users\pau_7\documents\github\vj1\2d\2dgame\02-bubble\02-bubble\checkpoint.cpp(53): warning C4715: 'CheckPoint::loadObject': no todas las rutas de acceso de control devuelven un valor
  All 1217 functions were compiled because no usable IPDB/IOBJ from previous compilation was found.
  Generación de código finalizada
SOIL.lib(image_DXT.obj) : warning LNK4099: no se encontró PDB 'vc100.pdb' con 'SOIL.lib(image_DXT.obj)' o en 'C:\Users\pau_7\Documents\GitHub\vj1\2d\2DGame\02-Bubble\Release\vc100.pdb'; se vinculará el objeto sin tener en cuenta información de depuración
SOIL.lib(image_helper.obj) : warning LNK4099: no se encontró PDB 'vc100.pdb' con 'SOIL.lib(image_helper.obj)' o en 'C:\Users\pau_7\Documents\GitHub\vj1\2d\2DGame\02-Bubble\Release\vc100.pdb'; se vinculará el objeto sin tener en cuenta información de depuración
SOIL.lib(SOIL.obj) : warning LNK4099: no se encontró PDB 'vc100.pdb' con 'SOIL.lib(SOIL.obj)' o en 'C:\Users\pau_7\Documents\GitHub\vj1\2d\2DGame\02-Bubble\Release\vc100.pdb'; se vinculará el objeto sin tener en cuenta información de depuración
SOIL.lib(stb_image_aug.obj) : warning LNK4099: no se encontró PDB 'vc100.pdb' con 'SOIL.lib(stb_image_aug.obj)' o en 'C:\Users\pau_7\Documents\GitHub\vj1\2d\2DGame\02-Bubble\Release\vc100.pdb'; se vinculará el objeto sin tener en cuenta información de depuración
  02-Bubble.vcxproj -> C:\Users\pau_7\Documents\GitHub\vj1\2d\2DGame\02-Bubble\Release\02-Bubble.exe
